<?xml version="1.0" encoding="UTF-8"?>
<!-- Generated by org.testng.reporters.JUnitReportReporter -->
<testsuite skipped="0" hostname="LAPTOP-QFTTLVIS" name="package1.Testcase1" tests="1" failures="0" timestamp="08 Jan 2019 15:54:34 GMT" time="15.263" errors="0">
  <testcase name="testCase1" time="15.263" classname="package1.Testcase1"/>
</testsuite> <!-- package1.Testcase1 -->
